This file contains any messages produced by compilers while
running configure, to aid debugging if configure makes a mistake.

It was created by rtptools configure 1.22, which was
generated by GNU Autoconf 2.69.  Invocation command line was

  $ ./configure 

## --------- ##
## Platform. ##
## --------- ##

hostname = Macbooks-MBP-8.lan
uname -m = x86_64
uname -r = 19.2.0
uname -s = Darwin
uname -v = Darwin Kernel Version 19.2.0: Sat Nov  9 03:47:04 PST 2019; root:xnu-6153.61.1~20/RELEASE_X86_64

/usr/bin/uname -p = i386
/bin/uname -X     = unknown

/bin/arch              = unknown
/usr/bin/arch -k       = unknown
/usr/convex/getsysinfo = unknown
/usr/bin/hostinfo      = Mach kernel version:
	 Darwin Kernel Version 19.2.0: Sat Nov  9 03:47:04 PST 2019; root:xnu-6153.61.1~20/RELEASE_X86_64
Kernel configured for up to 4 processors.
2 processors are physically available.
4 processors are logically available.
Processor type: x86_64h (Intel x86-64h Haswell)
Processors active: 0 1 2 3
Primary memory available: 16.00 gigabytes
Default processor set: 374 tasks, 1522 threads, 4 processors
Load average: 1.17, Mach factor: 2.82
/bin/machine           = unknown
/usr/bin/oslevel       = unknown
/bin/universe          = unknown

PATH: /opt/local/bin
PATH: /opt/local/sbin
PATH: /Library/Frameworks/Python.framework/Versions/3.6/bin
PATH: /usr/local/bin
PATH: /usr/bin
PATH: /bin
PATH: /usr/sbin
PATH: /sbin
PATH: /opt/X11/bin
PATH: /Applications/Wireshark.app/Contents/MacOS
PATH: /opt/metasploit-framework/bin
PATH: /opt/metasploit-framework/bin


## ----------- ##
## Core tests. ##
## ----------- ##

configure:2382: checking for a BSD-compatible install
configure:2450: result: /usr/bin/install -c
configure:2461: checking whether build environment is sane
configure:2516: result: yes
configure:2667: checking for a thread-safe mkdir -p
configure:2706: result: ./install-sh -c -d
configure:2713: checking for gawk
configure:2743: result: no
configure:2713: checking for mawk
configure:2743: result: no
configure:2713: checking for nawk
configure:2743: result: no
configure:2713: checking for awk
configure:2729: found /usr/bin/awk
configure:2740: result: awk
configure:2751: checking whether make sets $(MAKE)
configure:2773: result: yes
configure:2802: checking whether make supports nested variables
configure:2819: result: yes
configure:2950: checking build system type
configure:2964: result: x86_64-apple-darwin19.2.0
configure:2984: checking host system type
configure:2997: result: x86_64-apple-darwin19.2.0
configure:3085: checking for gcc
configure:3101: found /usr/bin/gcc
configure:3112: result: gcc
configure:3341: checking for C compiler version
configure:3350: gcc --version >&5
Apple clang version 11.0.0 (clang-1100.0.33.16)
Target: x86_64-apple-darwin19.2.0
Thread model: posix
InstalledDir: /Library/Developer/CommandLineTools/usr/bin
Configured with: --prefix=/Library/Developer/CommandLineTools/usr --with-gxx-include-dir=/Library/Developer/CommandLineTools/SDKs/MacOSX.sdk/usr/include/c++/4.2.1
configure:3361: $? = 0
configure:3350: gcc -v >&5
Configured with: --prefix=/Library/Developer/CommandLineTools/usr --with-gxx-include-dir=/Library/Developer/CommandLineTools/SDKs/MacOSX.sdk/usr/include/c++/4.2.1
Apple clang version 11.0.0 (clang-1100.0.33.16)
Target: x86_64-apple-darwin19.2.0
Thread model: posix
InstalledDir: /Library/Developer/CommandLineTools/usr/bin
configure:3361: $? = 0
configure:3350: gcc -V >&5
clang: error: unsupported option '-V -Wno-framework-include-private-from-public'
clang: error: no input files
configure:3361: $? = 1
configure:3350: gcc -qversion >&5
clang: error: unknown argument '-qversion', did you mean '--version'?
clang: error: no input files
configure:3361: $? = 1
configure:3381: checking whether the C compiler works
configure:3403: gcc    conftest.c  >&5
configure:3407: $? = 0
configure:3455: result: yes
configure:3458: checking for C compiler default output file name
configure:3460: result: a.out
configure:3466: checking for suffix of executables
configure:3473: gcc -o conftest    conftest.c  >&5
configure:3477: $? = 0
configure:3499: result: 
configure:3521: checking whether we are cross compiling
configure:3529: gcc -o conftest    conftest.c  >&5
configure:3533: $? = 0
configure:3540: ./conftest
configure:3544: $? = 0
configure:3559: result: no
configure:3564: checking for suffix of object files
configure:3586: gcc -c   conftest.c >&5
configure:3590: $? = 0
configure:3611: result: o
configure:3615: checking whether we are using the GNU C compiler
configure:3634: gcc -c   conftest.c >&5
configure:3634: $? = 0
configure:3643: result: yes
configure:3652: checking whether gcc accepts -g
configure:3672: gcc -c -g  conftest.c >&5
configure:3672: $? = 0
configure:3713: result: yes
configure:3730: checking for gcc option to accept ISO C89
configure:3793: gcc  -c -g -O2  conftest.c >&5
configure:3793: $? = 0
configure:3806: result: none needed
configure:3831: checking whether gcc understands -c and -o together
configure:3853: gcc -c conftest.c -o conftest2.o
configure:3856: $? = 0
configure:3853: gcc -c conftest.c -o conftest2.o
configure:3856: $? = 0
configure:3868: result: yes
configure:3896: checking for style of include used by make
configure:3924: result: GNU
configure:3950: checking dependency style of gcc
configure:4061: result: gcc3
configure:4081: checking how to run the C preprocessor
configure:4112: gcc -E  conftest.c
configure:4112: $? = 0
configure:4126: gcc -E  conftest.c
conftest.c:13:10: fatal error: 'ac_nonexistent.h' file not found
#include <ac_nonexistent.h>
         ^~~~~~~~~~~~~~~~~~
1 error generated.
configure:4126: $? = 1
configure: failed program was:
| /* confdefs.h */
| #define PACKAGE_NAME "rtptools"
| #define PACKAGE_TARNAME "rtptools"
| #define PACKAGE_VERSION "1.22"
| #define PACKAGE_STRING "rtptools 1.22"
| #define PACKAGE_BUGREPORT ""
| #define PACKAGE_URL ""
| #define PACKAGE "rtptools"
| #define VERSION "1.22"
| #define unix 1
| #define __darwin__ 1
| /* end confdefs.h.  */
| #include <ac_nonexistent.h>
configure:4151: result: gcc -E
configure:4171: gcc -E  conftest.c
configure:4171: $? = 0
configure:4185: gcc -E  conftest.c
conftest.c:13:10: fatal error: 'ac_nonexistent.h' file not found
#include <ac_nonexistent.h>
         ^~~~~~~~~~~~~~~~~~
1 error generated.
configure:4185: $? = 1
configure: failed program was:
| /* confdefs.h */
| #define PACKAGE_NAME "rtptools"
| #define PACKAGE_TARNAME "rtptools"
| #define PACKAGE_VERSION "1.22"
| #define PACKAGE_STRING "rtptools 1.22"
| #define PACKAGE_BUGREPORT ""
| #define PACKAGE_URL ""
| #define PACKAGE "rtptools"
| #define VERSION "1.22"
| #define unix 1
| #define __darwin__ 1
| /* end confdefs.h.  */
| #include <ac_nonexistent.h>
configure:4217: checking for clang
configure:4233: found /usr/bin/clang
configure:4244: result: yes
configure:4262: checking for groff
configure:4278: found /usr/bin/groff
configure:4289: result: yes
configure:4313: checking for mandoc
configure:4343: result: no
configure:4374: checking for grep that handles long lines and -e
configure:4432: result: /usr/bin/grep
configure:4437: checking for egrep
configure:4499: result: /usr/bin/grep -E
configure:4504: checking for ANSI C header files
configure:4524: clang -c -g -O2 -Wall  conftest.c >&5
configure:4524: $? = 0
configure:4597: clang -o conftest -g -O2 -Wall   conftest.c  >&5
configure:4597: $? = 0
configure:4597: ./conftest
configure:4597: $? = 0
configure:4608: result: yes
configure:4621: checking for sys/types.h
configure:4621: clang -c -g -O2 -Wall  conftest.c >&5
configure:4621: $? = 0
configure:4621: result: yes
configure:4621: checking for sys/stat.h
configure:4621: clang -c -g -O2 -Wall  conftest.c >&5
configure:4621: $? = 0
configure:4621: result: yes
configure:4621: checking for stdlib.h
configure:4621: clang -c -g -O2 -Wall  conftest.c >&5
configure:4621: $? = 0
configure:4621: result: yes
configure:4621: checking for string.h
configure:4621: clang -c -g -O2 -Wall  conftest.c >&5
configure:4621: $? = 0
configure:4621: result: yes
configure:4621: checking for memory.h
configure:4621: clang -c -g -O2 -Wall  conftest.c >&5
configure:4621: $? = 0
configure:4621: result: yes
configure:4621: checking for strings.h
configure:4621: clang -c -g -O2 -Wall  conftest.c >&5
configure:4621: $? = 0
configure:4621: result: yes
configure:4621: checking for inttypes.h
configure:4621: clang -c -g -O2 -Wall  conftest.c >&5
configure:4621: $? = 0
configure:4621: result: yes
configure:4621: checking for stdint.h
configure:4621: clang -c -g -O2 -Wall  conftest.c >&5
configure:4621: $? = 0
configure:4621: result: yes
configure:4621: checking for unistd.h
configure:4621: clang -c -g -O2 -Wall  conftest.c >&5
configure:4621: $? = 0
configure:4621: result: yes
configure:4636: checking search.h usability
configure:4636: clang -c -g -O2 -Wall  conftest.c >&5
configure:4636: $? = 0
configure:4636: result: yes
configure:4636: checking search.h presence
configure:4636: gcc -E  conftest.c
configure:4636: $? = 0
configure:4636: result: yes
configure:4636: checking for search.h
configure:4636: result: yes
configure:4636: checking sys/time.h usability
configure:4636: clang -c -g -O2 -Wall  conftest.c >&5
configure:4636: $? = 0
configure:4636: result: yes
configure:4636: checking sys/time.h presence
configure:4636: gcc -E  conftest.c
configure:4636: $? = 0
configure:4636: result: yes
configure:4636: checking for sys/time.h
configure:4636: result: yes
configure:4636: checking for unistd.h
configure:4636: result: yes
configure:4636: checking for stdint.h
configure:4636: result: yes
configure:4646: checking rpcsvc/ypclnt.h usability
configure:4646: clang -c -g -O2 -Wall  conftest.c >&5
configure:4646: $? = 0
configure:4646: result: yes
configure:4646: checking rpcsvc/ypclnt.h presence
configure:4646: gcc -E  conftest.c
configure:4646: $? = 0
configure:4646: result: yes
configure:4646: checking for rpcsvc/ypclnt.h
configure:4646: result: yes
configure:4655: checking for an ANSI C-conforming const
configure:4721: clang -c -g -O2 -Wall  conftest.c >&5
configure:4721: $? = 0
configure:4728: result: yes
configure:4736: checking whether byte ordering is bigendian
configure:4751: clang -c -g -O2 -Wall  conftest.c >&5
configure:4751: $? = 0
configure:4796: clang -c -g -O2 -Wall  conftest.c >&5
configure:4796: $? = 0
configure:4814: clang -c -g -O2 -Wall  conftest.c >&5
conftest.c:35:4: error: use of undeclared identifier 'not'
                 not big endian
                 ^
1 error generated.
configure:4814: $? = 1
configure: failed program was:
| /* confdefs.h */
| #define PACKAGE_NAME "rtptools"
| #define PACKAGE_TARNAME "rtptools"
| #define PACKAGE_VERSION "1.22"
| #define PACKAGE_STRING "rtptools 1.22"
| #define PACKAGE_BUGREPORT ""
| #define PACKAGE_URL ""
| #define PACKAGE "rtptools"
| #define VERSION "1.22"
| #define unix 1
| #define __darwin__ 1
| #define STDC_HEADERS 1
| #define HAVE_SYS_TYPES_H 1
| #define HAVE_SYS_STAT_H 1
| #define HAVE_STDLIB_H 1
| #define HAVE_STRING_H 1
| #define HAVE_MEMORY_H 1
| #define HAVE_STRINGS_H 1
| #define HAVE_INTTYPES_H 1
| #define HAVE_STDINT_H 1
| #define HAVE_UNISTD_H 1
| #define HAVE_SEARCH_H 1
| #define HAVE_SYS_TIME_H 1
| #define HAVE_UNISTD_H 1
| #define HAVE_STDINT_H 1
| #define HAVE_YP 1
| /* end confdefs.h.  */
| #include <sys/types.h>
| 		#include <sys/param.h>
| 
| int
| main ()
| {
| #if BYTE_ORDER != BIG_ENDIAN
| 		 not big endian
| 		#endif
| 
|   ;
|   return 0;
| }
configure:4942: result: no
configure:4960: checking for uid_t in sys/types.h
configure:4979: result: yes
configure:4990: checking for off_t
configure:4990: clang -c -g -O2 -Wall  conftest.c >&5
configure:4990: $? = 0
configure:4990: clang -c -g -O2 -Wall  conftest.c >&5
conftest.c:64:20: error: expected expression
if (sizeof ((off_t)))
                   ^
1 error generated.
configure:4990: $? = 1
configure: failed program was:
| /* confdefs.h */
| #define PACKAGE_NAME "rtptools"
| #define PACKAGE_TARNAME "rtptools"
| #define PACKAGE_VERSION "1.22"
| #define PACKAGE_STRING "rtptools 1.22"
| #define PACKAGE_BUGREPORT ""
| #define PACKAGE_URL ""
| #define PACKAGE "rtptools"
| #define VERSION "1.22"
| #define unix 1
| #define __darwin__ 1
| #define STDC_HEADERS 1
| #define HAVE_SYS_TYPES_H 1
| #define HAVE_SYS_STAT_H 1
| #define HAVE_STDLIB_H 1
| #define HAVE_STRING_H 1
| #define HAVE_MEMORY_H 1
| #define HAVE_STRINGS_H 1
| #define HAVE_INTTYPES_H 1
| #define HAVE_STDINT_H 1
| #define HAVE_UNISTD_H 1
| #define HAVE_SEARCH_H 1
| #define HAVE_SYS_TIME_H 1
| #define HAVE_UNISTD_H 1
| #define HAVE_STDINT_H 1
| #define HAVE_YP 1
| /* end confdefs.h.  */
| #include <stdio.h>
| #ifdef HAVE_SYS_TYPES_H
| # include <sys/types.h>
| #endif
| #ifdef HAVE_SYS_STAT_H
| # include <sys/stat.h>
| #endif
| #ifdef STDC_HEADERS
| # include <stdlib.h>
| # include <stddef.h>
| #else
| # ifdef HAVE_STDLIB_H
| #  include <stdlib.h>
| # endif
| #endif
| #ifdef HAVE_STRING_H
| # if !defined STDC_HEADERS && defined HAVE_MEMORY_H
| #  include <memory.h>
| # endif
| # include <string.h>
| #endif
| #ifdef HAVE_STRINGS_H
| # include <strings.h>
| #endif
| #ifdef HAVE_INTTYPES_H
| # include <inttypes.h>
| #endif
| #ifdef HAVE_STDINT_H
| # include <stdint.h>
| #endif
| #ifdef HAVE_UNISTD_H
| # include <unistd.h>
| #endif
| int
| main ()
| {
| if (sizeof ((off_t)))
| 	    return 0;
|   ;
|   return 0;
| }
configure:4990: result: yes
configure:5001: checking for pid_t
configure:5001: clang -c -g -O2 -Wall  conftest.c >&5
configure:5001: $? = 0
configure:5001: clang -c -g -O2 -Wall  conftest.c >&5
conftest.c:64:20: error: expected expression
if (sizeof ((pid_t)))
                   ^
1 error generated.
configure:5001: $? = 1
configure: failed program was:
| /* confdefs.h */
| #define PACKAGE_NAME "rtptools"
| #define PACKAGE_TARNAME "rtptools"
| #define PACKAGE_VERSION "1.22"
| #define PACKAGE_STRING "rtptools 1.22"
| #define PACKAGE_BUGREPORT ""
| #define PACKAGE_URL ""
| #define PACKAGE "rtptools"
| #define VERSION "1.22"
| #define unix 1
| #define __darwin__ 1
| #define STDC_HEADERS 1
| #define HAVE_SYS_TYPES_H 1
| #define HAVE_SYS_STAT_H 1
| #define HAVE_STDLIB_H 1
| #define HAVE_STRING_H 1
| #define HAVE_MEMORY_H 1
| #define HAVE_STRINGS_H 1
| #define HAVE_INTTYPES_H 1
| #define HAVE_STDINT_H 1
| #define HAVE_UNISTD_H 1
| #define HAVE_SEARCH_H 1
| #define HAVE_SYS_TIME_H 1
| #define HAVE_UNISTD_H 1
| #define HAVE_STDINT_H 1
| #define HAVE_YP 1
| /* end confdefs.h.  */
| #include <stdio.h>
| #ifdef HAVE_SYS_TYPES_H
| # include <sys/types.h>
| #endif
| #ifdef HAVE_SYS_STAT_H
| # include <sys/stat.h>
| #endif
| #ifdef STDC_HEADERS
| # include <stdlib.h>
| # include <stddef.h>
| #else
| # ifdef HAVE_STDLIB_H
| #  include <stdlib.h>
| # endif
| #endif
| #ifdef HAVE_STRING_H
| # if !defined STDC_HEADERS && defined HAVE_MEMORY_H
| #  include <memory.h>
| # endif
| # include <string.h>
| #endif
| #ifdef HAVE_STRINGS_H
| # include <strings.h>
| #endif
| #ifdef HAVE_INTTYPES_H
| # include <inttypes.h>
| #endif
| #ifdef HAVE_STDINT_H
| # include <stdint.h>
| #endif
| #ifdef HAVE_UNISTD_H
| # include <unistd.h>
| #endif
| int
| main ()
| {
| if (sizeof ((pid_t)))
| 	    return 0;
|   ;
|   return 0;
| }
configure:5001: result: yes
configure:5012: checking for size_t
configure:5012: clang -c -g -O2 -Wall  conftest.c >&5
configure:5012: $? = 0
configure:5012: clang -c -g -O2 -Wall  conftest.c >&5
conftest.c:64:21: error: expected expression
if (sizeof ((size_t)))
                    ^
1 error generated.
configure:5012: $? = 1
configure: failed program was:
| /* confdefs.h */
| #define PACKAGE_NAME "rtptools"
| #define PACKAGE_TARNAME "rtptools"
| #define PACKAGE_VERSION "1.22"
| #define PACKAGE_STRING "rtptools 1.22"
| #define PACKAGE_BUGREPORT ""
| #define PACKAGE_URL ""
| #define PACKAGE "rtptools"
| #define VERSION "1.22"
| #define unix 1
| #define __darwin__ 1
| #define STDC_HEADERS 1
| #define HAVE_SYS_TYPES_H 1
| #define HAVE_SYS_STAT_H 1
| #define HAVE_STDLIB_H 1
| #define HAVE_STRING_H 1
| #define HAVE_MEMORY_H 1
| #define HAVE_STRINGS_H 1
| #define HAVE_INTTYPES_H 1
| #define HAVE_STDINT_H 1
| #define HAVE_UNISTD_H 1
| #define HAVE_SEARCH_H 1
| #define HAVE_SYS_TIME_H 1
| #define HAVE_UNISTD_H 1
| #define HAVE_STDINT_H 1
| #define HAVE_YP 1
| /* end confdefs.h.  */
| #include <stdio.h>
| #ifdef HAVE_SYS_TYPES_H
| # include <sys/types.h>
| #endif
| #ifdef HAVE_SYS_STAT_H
| # include <sys/stat.h>
| #endif
| #ifdef STDC_HEADERS
| # include <stdlib.h>
| # include <stddef.h>
| #else
| # ifdef HAVE_STDLIB_H
| #  include <stdlib.h>
| # endif
| #endif
| #ifdef HAVE_STRING_H
| # if !defined STDC_HEADERS && defined HAVE_MEMORY_H
| #  include <memory.h>
| # endif
| # include <string.h>
| #endif
| #ifdef HAVE_STRINGS_H
| # include <strings.h>
| #endif
| #ifdef HAVE_INTTYPES_H
| # include <inttypes.h>
| #endif
| #ifdef HAVE_STDINT_H
| # include <stdint.h>
| #endif
| #ifdef HAVE_UNISTD_H
| # include <unistd.h>
| #endif
| int
| main ()
| {
| if (sizeof ((size_t)))
| 	    return 0;
|   ;
|   return 0;
| }
configure:5012: result: yes
configure:5023: checking for uint16_t
configure:5023: clang -c -g -O2 -Wall  conftest.c >&5
configure:5023: $? = 0
configure:5023: result: yes
configure:5035: checking whether time.h and sys/time.h may both be included
configure:5055: clang -c -g -O2 -Wall  conftest.c >&5
configure:5055: $? = 0
configure:5062: result: yes
configure:5070: checking whether struct tm is in sys/time.h or time.h
configure:5090: clang -c -g -O2 -Wall  conftest.c >&5
configure:5090: $? = 0
configure:5097: result: time.h
configure:5106: checking for struct msghdr.msg_control
configure:5106: clang -c -g -O2 -Wall  conftest.c >&5
configure:5106: $? = 0
configure:5106: result: yes
configure:5116: checking whether clang needs -traditional
conftest.c:30:10: fatal error: 'termio.h' file not found
#include <termio.h>
         ^~~~~~~~~~
1 error generated.
configure:5150: result: no
configure:5157: checking return type of signal handlers
configure:5175: clang -c -g -O2 -Wall  conftest.c >&5
conftest.c:36:8: error: indirection requires pointer operand ('void' invalid)
return *(signal (0, 0)) (0) == 1;
       ^~~~~~~~~~~~~~~~~~~~
1 error generated.
configure:5175: $? = 1
configure: failed program was:
| /* confdefs.h */
| #define PACKAGE_NAME "rtptools"
| #define PACKAGE_TARNAME "rtptools"
| #define PACKAGE_VERSION "1.22"
| #define PACKAGE_STRING "rtptools 1.22"
| #define PACKAGE_BUGREPORT ""
| #define PACKAGE_URL ""
| #define PACKAGE "rtptools"
| #define VERSION "1.22"
| #define unix 1
| #define __darwin__ 1
| #define STDC_HEADERS 1
| #define HAVE_SYS_TYPES_H 1
| #define HAVE_SYS_STAT_H 1
| #define HAVE_STDLIB_H 1
| #define HAVE_STRING_H 1
| #define HAVE_MEMORY_H 1
| #define HAVE_STRINGS_H 1
| #define HAVE_INTTYPES_H 1
| #define HAVE_STDINT_H 1
| #define HAVE_UNISTD_H 1
| #define HAVE_SEARCH_H 1
| #define HAVE_SYS_TIME_H 1
| #define HAVE_UNISTD_H 1
| #define HAVE_STDINT_H 1
| #define HAVE_YP 1
| #define TIME_WITH_SYS_TIME 1
| #define HAVE_MSGHDR_MSG_CONTROL 1
| /* end confdefs.h.  */
| #include <sys/types.h>
| #include <signal.h>
| 
| int
| main ()
| {
| return *(signal (0, 0)) (0) == 1;
|   ;
|   return 0;
| }
configure:5182: result: void
configure:5192: checking for strftime
configure:5192: clang -o conftest -g -O2 -Wall   conftest.c  >&5
configure:5192: $? = 0
configure:5192: result: yes
configure:5247: checking for vprintf
configure:5247: clang -o conftest -g -O2 -Wall   conftest.c  >&5
conftest.c:55:6: warning: incompatible redeclaration of library function 'vprintf' [-Wincompatible-library-redeclaration]
char vprintf ();
     ^
conftest.c:55:6: note: 'vprintf' is a builtin with type 'int (const char *, struct __va_list_tag *)'
1 warning generated.
configure:5247: $? = 0
configure:5247: result: yes
configure:5253: checking for _doprnt
configure:5253: clang -o conftest -g -O2 -Wall   conftest.c  >&5
Undefined symbols for architecture x86_64:
  "__doprnt", referenced from:
      _main in conftest-85af1d.o
ld: symbol(s) not found for architecture x86_64
clang: error: linker command failed with exit code 1 (use -v to see invocation)
configure:5253: $? = 1
configure: failed program was:
| /* confdefs.h */
| #define PACKAGE_NAME "rtptools"
| #define PACKAGE_TARNAME "rtptools"
| #define PACKAGE_VERSION "1.22"
| #define PACKAGE_STRING "rtptools 1.22"
| #define PACKAGE_BUGREPORT ""
| #define PACKAGE_URL ""
| #define PACKAGE "rtptools"
| #define VERSION "1.22"
| #define unix 1
| #define __darwin__ 1
| #define STDC_HEADERS 1
| #define HAVE_SYS_TYPES_H 1
| #define HAVE_SYS_STAT_H 1
| #define HAVE_STDLIB_H 1
| #define HAVE_STRING_H 1
| #define HAVE_MEMORY_H 1
| #define HAVE_STRINGS_H 1
| #define HAVE_INTTYPES_H 1
| #define HAVE_STDINT_H 1
| #define HAVE_UNISTD_H 1
| #define HAVE_SEARCH_H 1
| #define HAVE_SYS_TIME_H 1
| #define HAVE_UNISTD_H 1
| #define HAVE_STDINT_H 1
| #define HAVE_YP 1
| #define TIME_WITH_SYS_TIME 1
| #define HAVE_MSGHDR_MSG_CONTROL 1
| #define RETSIGTYPE void
| #define HAVE_STRFTIME 1
| #define HAVE_VPRINTF 1
| /* end confdefs.h.  */
| /* Define _doprnt to an innocuous variant, in case <limits.h> declares _doprnt.
|    For example, HP-UX 11i <limits.h> declares gettimeofday.  */
| #define _doprnt innocuous__doprnt
| 
| /* System header to define __stub macros and hopefully few prototypes,
|     which can conflict with char _doprnt (); below.
|     Prefer <limits.h> to <assert.h> if __STDC__ is defined, since
|     <limits.h> exists even on freestanding compilers.  */
| 
| #ifdef __STDC__
| # include <limits.h>
| #else
| # include <assert.h>
| #endif
| 
| #undef _doprnt
| 
| /* Override any GCC internal prototype to avoid an error.
|    Use char because int might match the return type of a GCC
|    builtin and then its argument prototype would still apply.  */
| #ifdef __cplusplus
| extern "C"
| #endif
| char _doprnt ();
| /* The GNU C library defines this for functions which it implements
|     to always fail with ENOSYS.  Some functions are actually named
|     something starting with __ and the normal name is an alias.  */
| #if defined __stub__doprnt || defined __stub____doprnt
| choke me
| #endif
| 
| int
| main ()
| {
| return _doprnt ();
|   ;
|   return 0;
| }
configure:5253: result: no
configure:5268: checking for gethostbyname
configure:5268: clang -o conftest -g -O2 -Wall   conftest.c  >&5
configure:5268: $? = 0
configure:5268: result: yes
configure:5268: checking for gettimeofday
configure:5268: clang -o conftest -g -O2 -Wall   conftest.c  >&5
configure:5268: $? = 0
configure:5268: result: yes
configure:5268: checking for mktime
configure:5268: clang -o conftest -g -O2 -Wall   conftest.c  >&5
configure:5268: $? = 0
configure:5268: result: yes
configure:5268: checking for select
configure:5268: clang -o conftest -g -O2 -Wall   conftest.c  >&5
configure:5268: $? = 0
configure:5268: result: yes
configure:5268: checking for strdup
configure:5268: clang -o conftest -g -O2 -Wall   conftest.c  >&5
conftest.c:60:6: warning: incompatible redeclaration of library function 'strdup' [-Wincompatible-library-redeclaration]
char strdup ();
     ^
conftest.c:60:6: note: 'strdup' is a builtin with type 'char *(const char *)'
1 warning generated.
configure:5268: $? = 0
configure:5268: result: yes
configure:5268: checking for strerror
configure:5268: clang -o conftest -g -O2 -Wall   conftest.c  >&5
conftest.c:61:6: warning: incompatible redeclaration of library function 'strerror' [-Wincompatible-library-redeclaration]
char strerror ();
     ^
conftest.c:61:6: note: 'strerror' is a builtin with type 'char *(int)'
1 warning generated.
configure:5268: $? = 0
configure:5268: result: yes
configure:5268: checking for strstr
configure:5268: clang -o conftest -g -O2 -Wall   conftest.c  >&5
conftest.c:62:6: warning: incompatible redeclaration of library function 'strstr' [-Wincompatible-library-redeclaration]
char strstr ();
     ^
conftest.c:62:6: note: 'strstr' is a builtin with type 'char *(const char *, const char *)'
1 warning generated.
configure:5268: $? = 0
configure:5268: result: yes
configure:5268: checking for strtol
configure:5268: clang -o conftest -g -O2 -Wall   conftest.c  >&5
conftest.c:63:6: warning: incompatible redeclaration of library function 'strtol' [-Wincompatible-library-redeclaration]
char strtol ();
     ^
conftest.c:63:6: note: 'strtol' is a builtin with type 'long (const char *, char **, int)'
1 warning generated.
configure:5268: $? = 0
configure:5268: result: yes
configure:5268: checking for uname
configure:5268: clang -o conftest -g -O2 -Wall   conftest.c  >&5
configure:5268: $? = 0
configure:5268: result: yes
configure:5268: checking for srand
configure:5268: clang -o conftest -g -O2 -Wall   conftest.c  >&5
configure:5268: $? = 0
configure:5268: result: yes
configure:5284: checking for gethostbyname
configure:5284: result: yes
configure:5341: checking for yp_match
configure:5341: clang -o conftest -g -O2 -Wall   conftest.c  >&5
configure:5341: $? = 0
configure:5341: result: yes
configure:5398: checking for socket
configure:5398: clang -o conftest -g -O2 -Wall   conftest.c  >&5
configure:5398: $? = 0
configure:5398: result: yes
configure:5601: checking that generated files are newer than configure
configure:5607: result: done
configure:5647: creating ./config.status

## ---------------------- ##
## Running config.status. ##
## ---------------------- ##

This file was extended by rtptools config.status 1.22, which was
generated by GNU Autoconf 2.69.  Invocation command line was

  CONFIG_FILES    = 
  CONFIG_HEADERS  = 
  CONFIG_LINKS    = 
  CONFIG_COMMANDS = 
  $ ./config.status 

on Macbooks-MBP-8.lan

config.status:799: creating Makefile
config.status:971: executing depfiles commands

## ---------------- ##
## Cache variables. ##
## ---------------- ##

ac_cv_build=x86_64-apple-darwin19.2.0
ac_cv_c_bigendian=no
ac_cv_c_compiler_gnu=yes
ac_cv_c_const=yes
ac_cv_c_uint16_t=yes
ac_cv_env_CC_set=
ac_cv_env_CC_value=
ac_cv_env_CFLAGS_set=
ac_cv_env_CFLAGS_value=
ac_cv_env_CPPFLAGS_set=
ac_cv_env_CPPFLAGS_value=
ac_cv_env_CPP_set=
ac_cv_env_CPP_value=
ac_cv_env_LDFLAGS_set=
ac_cv_env_LDFLAGS_value=
ac_cv_env_LIBS_set=
ac_cv_env_LIBS_value=
ac_cv_env_build_alias_set=
ac_cv_env_build_alias_value=
ac_cv_env_host_alias_set=
ac_cv_env_host_alias_value=
ac_cv_env_target_alias_set=
ac_cv_env_target_alias_value=
ac_cv_func__doprnt=no
ac_cv_func_gethostbyname=yes
ac_cv_func_gettimeofday=yes
ac_cv_func_mktime=yes
ac_cv_func_select=yes
ac_cv_func_socket=yes
ac_cv_func_srand=yes
ac_cv_func_strdup=yes
ac_cv_func_strerror=yes
ac_cv_func_strftime=yes
ac_cv_func_strstr=yes
ac_cv_func_strtol=yes
ac_cv_func_uname=yes
ac_cv_func_vprintf=yes
ac_cv_func_yp_match=yes
ac_cv_header_inttypes_h=yes
ac_cv_header_memory_h=yes
ac_cv_header_rpcsvc_ypclnt_h=yes
ac_cv_header_search_h=yes
ac_cv_header_stdc=yes
ac_cv_header_stdint_h=yes
ac_cv_header_stdlib_h=yes
ac_cv_header_string_h=yes
ac_cv_header_strings_h=yes
ac_cv_header_sys_stat_h=yes
ac_cv_header_sys_time_h=yes
ac_cv_header_sys_types_h=yes
ac_cv_header_time=yes
ac_cv_header_unistd_h=yes
ac_cv_host=x86_64-apple-darwin19.2.0
ac_cv_member_struct_msghdr_msg_control=yes
ac_cv_objext=o
ac_cv_path_EGREP='/usr/bin/grep -E'
ac_cv_path_GREP=/usr/bin/grep
ac_cv_path_install='/usr/bin/install -c'
ac_cv_prog_AWK=awk
ac_cv_prog_CPP='gcc -E'
ac_cv_prog_FOUND_CLANG=yes
ac_cv_prog_FOUND_GROFF=yes
ac_cv_prog_ac_ct_CC=gcc
ac_cv_prog_cc_c89=
ac_cv_prog_cc_g=yes
ac_cv_prog_gcc_traditional=no
ac_cv_prog_make_make_set=yes
ac_cv_struct_tm=time.h
ac_cv_type_off_t=yes
ac_cv_type_pid_t=yes
ac_cv_type_signal=void
ac_cv_type_size_t=yes
ac_cv_type_uid_t=yes
am_cv_CC_dependencies_compiler_type=gcc3
am_cv_make_support_nested_variables=yes
am_cv_prog_cc_c_o=yes
ts_cv_darwin=yes

## ----------------- ##
## Output variables. ##
## ----------------- ##

ACLOCAL='${SHELL} /Users/macbook/code/ring-hack/rtpdump/rtptools-1.22/missing aclocal-1.15'
AMDEPBACKSLASH='\'
AMDEP_FALSE='#'
AMDEP_TRUE=''
AMTAR='$${TAR-tar}'
AM_BACKSLASH='\'
AM_DEFAULT_V='$(AM_DEFAULT_VERBOSITY)'
AM_DEFAULT_VERBOSITY='1'
AM_V='$(V)'
AUTOCONF='${SHELL} /Users/macbook/code/ring-hack/rtpdump/rtptools-1.22/missing autoconf'
AUTOHEADER='${SHELL} /Users/macbook/code/ring-hack/rtpdump/rtptools-1.22/missing autoheader'
AUTOMAKE='${SHELL} /Users/macbook/code/ring-hack/rtpdump/rtptools-1.22/missing automake-1.15'
AWK='awk'
CC='clang'
CCDEPMODE='depmode=gcc3'
CFLAGS='-g -O2 -Wall'
CPP='gcc -E'
CPPFLAGS=''
CYGPATH_W='echo'
DARWIN_FALSE='#'
DARWIN_TRUE=''
DEFS='-DPACKAGE_NAME=\"rtptools\" -DPACKAGE_TARNAME=\"rtptools\" -DPACKAGE_VERSION=\"1.22\" -DPACKAGE_STRING=\"rtptools\ 1.22\" -DPACKAGE_BUGREPORT=\"\" -DPACKAGE_URL=\"\" -DPACKAGE=\"rtptools\" -DVERSION=\"1.22\" -Dunix=1 -D__darwin__=1 -DSTDC_HEADERS=1 -DHAVE_SYS_TYPES_H=1 -DHAVE_SYS_STAT_H=1 -DHAVE_STDLIB_H=1 -DHAVE_STRING_H=1 -DHAVE_MEMORY_H=1 -DHAVE_STRINGS_H=1 -DHAVE_INTTYPES_H=1 -DHAVE_STDINT_H=1 -DHAVE_UNISTD_H=1 -DHAVE_SEARCH_H=1 -DHAVE_SYS_TIME_H=1 -DHAVE_UNISTD_H=1 -DHAVE_STDINT_H=1 -DHAVE_YP=1 -DTIME_WITH_SYS_TIME=1 -DHAVE_MSGHDR_MSG_CONTROL=1 -DRETSIGTYPE=void -DHAVE_STRFTIME=1 -DHAVE_VPRINTF=1 -DHAVE_GETHOSTBYNAME=1 -DHAVE_GETTIMEOFDAY=1 -DHAVE_MKTIME=1 -DHAVE_SELECT=1 -DHAVE_STRDUP=1 -DHAVE_STRERROR=1 -DHAVE_STRSTR=1 -DHAVE_STRTOL=1 -DHAVE_UNAME=1 -DHAVE_SRAND=1 -DHAVE_GETHOSTBYNAME=1 -DHAVE_YP_MATCH=1 -DHAVE_SOCKET=1'
DEPDIR='.deps'
ECHO_C='\c'
ECHO_N=''
ECHO_T=''
EGREP='/usr/bin/grep -E'
EXEEXT=''
FOUND_CLANG='yes'
FOUND_GEN_HTML_FALSE='#'
FOUND_GEN_HTML_TRUE=''
FOUND_GROFF='yes'
FOUND_MANDOC=''
GREP='/usr/bin/grep'
HAVE_GROFF_FALSE='#'
HAVE_GROFF_TRUE=''
HAVE_MANDOC_FALSE=''
HAVE_MANDOC_TRUE='#'
INSTALL_DATA='${INSTALL} -m 644'
INSTALL_PROGRAM='${INSTALL}'
INSTALL_SCRIPT='${INSTALL}'
INSTALL_STRIP_PROGRAM='$(install_sh) -c -s'
LDFLAGS=''
LIBOBJS=''
LIBS=''
LTLIBOBJS=''
MAKEINFO='${SHELL} /Users/macbook/code/ring-hack/rtpdump/rtptools-1.22/missing makeinfo'
MKDIR_P='./install-sh -c -d'
OBJEXT='o'
PACKAGE='rtptools'
PACKAGE_BUGREPORT=''
PACKAGE_NAME='rtptools'
PACKAGE_STRING='rtptools 1.22'
PACKAGE_TARNAME='rtptools'
PACKAGE_URL=''
PACKAGE_VERSION='1.22'
PATH_SEPARATOR=':'
SET_MAKE=''
SHELL='/bin/sh'
STRIP=''
VERSION='1.22'
ac_ct_CC='gcc'
am__EXEEXT_FALSE=''
am__EXEEXT_TRUE='#'
am__fastdepCC_FALSE='#'
am__fastdepCC_TRUE=''
am__include='include'
am__isrc=''
am__leading_dot='.'
am__nodep='_no'
am__quote=''
am__tar='$${TAR-tar} chof - "$$tardir"'
am__untar='$${TAR-tar} xf -'
bindir='${exec_prefix}/bin'
build='x86_64-apple-darwin19.2.0'
build_alias=''
build_cpu='x86_64'
build_os='darwin19.2.0'
build_vendor='apple'
datadir='${datarootdir}'
datarootdir='${prefix}/share'
docdir='${datarootdir}/doc/${PACKAGE_TARNAME}'
dvidir='${docdir}'
exec_prefix='${prefix}'
host='x86_64-apple-darwin19.2.0'
host_alias=''
host_cpu='x86_64'
host_os='darwin19.2.0'
host_vendor='apple'
htmldir='${docdir}'
includedir='${prefix}/include'
infodir='${datarootdir}/info'
install_sh='${SHELL} /Users/macbook/code/ring-hack/rtpdump/rtptools-1.22/install-sh'
libdir='${exec_prefix}/lib'
libexecdir='${exec_prefix}/libexec'
localedir='${datarootdir}/locale'
localstatedir='${prefix}/var'
mandir='${datarootdir}/man'
mkdir_p='$(MKDIR_P)'
oldincludedir='/usr/include'
pdfdir='${docdir}'
prefix='/usr/local'
program_transform_name='s,x,x,'
psdir='${docdir}'
runstatedir='${localstatedir}/run'
sbindir='${exec_prefix}/sbin'
sharedstatedir='${prefix}/com'
sysconfdir='${prefix}/etc'
target_alias=''

## ----------- ##
## confdefs.h. ##
## ----------- ##

/* confdefs.h */
#define PACKAGE_NAME "rtptools"
#define PACKAGE_TARNAME "rtptools"
#define PACKAGE_VERSION "1.22"
#define PACKAGE_STRING "rtptools 1.22"
#define PACKAGE_BUGREPORT ""
#define PACKAGE_URL ""
#define PACKAGE "rtptools"
#define VERSION "1.22"
#define unix 1
#define __darwin__ 1
#define STDC_HEADERS 1
#define HAVE_SYS_TYPES_H 1
#define HAVE_SYS_STAT_H 1
#define HAVE_STDLIB_H 1
#define HAVE_STRING_H 1
#define HAVE_MEMORY_H 1
#define HAVE_STRINGS_H 1
#define HAVE_INTTYPES_H 1
#define HAVE_STDINT_H 1
#define HAVE_UNISTD_H 1
#define HAVE_SEARCH_H 1
#define HAVE_SYS_TIME_H 1
#define HAVE_UNISTD_H 1
#define HAVE_STDINT_H 1
#define HAVE_YP 1
#define TIME_WITH_SYS_TIME 1
#define HAVE_MSGHDR_MSG_CONTROL 1
#define RETSIGTYPE void
#define HAVE_STRFTIME 1
#define HAVE_VPRINTF 1
#define HAVE_GETHOSTBYNAME 1
#define HAVE_GETTIMEOFDAY 1
#define HAVE_MKTIME 1
#define HAVE_SELECT 1
#define HAVE_STRDUP 1
#define HAVE_STRERROR 1
#define HAVE_STRSTR 1
#define HAVE_STRTOL 1
#define HAVE_UNAME 1
#define HAVE_SRAND 1
#define HAVE_GETHOSTBYNAME 1
#define HAVE_YP_MATCH 1
#define HAVE_SOCKET 1

configure: exit 0
